<?xml version="1.0" encoding="UTF-8"?>
<!-- Generated by org.testng.reporters.JUnitReportReporter -->
<testsuite hostname="BHH" failures="0" tests="2" name="walidkerdouncompany.Tests.ErrorValidations" time="15.049" errors="0" timestamp="2024-12-09T00:41:39 WEST" skipped="0">
  <testcase classname="walidkerdouncompany.Tests.ErrorValidations" name="productErrorValidation" time="10.841"/>
  <testcase classname="walidkerdouncompany.Tests.ErrorValidations" name="LoginErrorValidation" time="4.208"/>
</testsuite> <!-- walidkerdouncompany.Tests.ErrorValidations -->
