<?xml version="1.0" encoding="UTF-8"?>
<!-- Generated by org.testng.reporters.JUnitReportReporter -->
<testsuite hostname="BHH" failures="0" tests="3" name="walidkerdouncompany.Tests.SubmitOrderTest" time="23.888" errors="0" timestamp="2024-12-11T01:27:28 WEST" skipped="0">
  <testcase classname="walidkerdouncompany.Tests.SubmitOrderTest" name="submitOrder" time="8.150"/>
  <testcase classname="walidkerdouncompany.Tests.SubmitOrderTest" name="submitOrder" time="8.561"/>
  <testcase classname="walidkerdouncompany.Tests.SubmitOrderTest" name="orderHistoryTest" time="7.177"/>
</testsuite> <!-- walidkerdouncompany.Tests.SubmitOrderTest -->
