<?xml version="1.0" encoding="UTF-8"?>
<!-- Generated by org.testng.reporters.JUnitReportReporter -->
<testsuite hostname="BHH" failures="0" tests="1" name="cucumber.TestNGTestRunner" time="9.783" errors="0" timestamp="2024-12-13T22:54:11 WEST" skipped="0">
  <testcase classname="cucumber.TestNGTestRunner" name="runScenario" time="9.783"/>
</testsuite> <!-- cucumber.TestNGTestRunner -->
