<?xml version="1.0" encoding="UTF-8"?>
<!-- Generated by org.testng.reporters.JUnitReportReporter -->
<testsuite hostname="BHH" failures="0" tests="1" name="cucumber.TestNGTestRunner" time="9.986" errors="0" timestamp="2024-12-13T23:11:38 WEST" skipped="0">
  <testcase classname="cucumber.TestNGTestRunner" name="runScenario" time="9.986"/>
</testsuite> <!-- cucumber.TestNGTestRunner -->
