<?xml version="1.0" encoding="UTF-8"?>
<!-- Generated by org.testng.reporters.JUnitReportReporter -->
<testsuite hostname="BHH" failures="0" tests="2" name="walidkerdouncompany.Tests.ErrorValidationsTest" time="14.880" errors="0" timestamp="2024-12-11T23:40:28 WEST" skipped="0">
  <testcase classname="walidkerdouncompany.Tests.ErrorValidationsTest" name="LoginErrorValidation" time="5.480"/>
  <testcase classname="walidkerdouncompany.Tests.ErrorValidationsTest" name="productErrorValidation" time="9.400"/>
</testsuite> <!-- walidkerdouncompany.Tests.ErrorValidationsTest -->
