<?xml version="1.0" encoding="UTF-8"?>
<!-- Generated by org.testng.reporters.JUnitReportReporter -->
<testsuite hostname="BHH" failures="0" tests="3" name="walidkerdouncompany.Tests.SubmitOrderTest" time="24.072" errors="0" timestamp="2024-12-11T23:40:28 WEST" skipped="0">
  <testcase classname="walidkerdouncompany.Tests.SubmitOrderTest" name="submitOrder" time="9.892"/>
  <testcase classname="walidkerdouncompany.Tests.SubmitOrderTest" name="submitOrder" time="9.367"/>
  <testcase classname="walidkerdouncompany.Tests.SubmitOrderTest" name="orderHistoryTest" time="4.813"/>
</testsuite> <!-- walidkerdouncompany.Tests.SubmitOrderTest -->
